#
# A fatal error has been detected by the Java Runtime Environment:
#
#  SIGSEGV (0xb) at pc=0x00007f01f88c5800, pid=21311, tid=139645979850496
#
# JRE version: Java(TM) SE Runtime Environment (8.0_66-b17) (build 1.8.0_66-b17)
# Java VM: Java HotSpot(TM) 64-Bit Server VM (25.66-b17 mixed mode linux-amd64 compressed oops)
# Problematic frame:
# V  [libjvm.so+0x8a5800]  Method::checked_resolve_jmethod_id(_jmethodID*)+0x20
#
# Failed to write core dump. Core dumps have been disabled. To enable core dumping, try "ulimit -c unlimited" before starting Java again
#
# If you would like to submit a bug report, please visit:
#   http://bugreport.java.com/bugreport/crash.jsp
#

---------------  T H R E A D  ---------------

Current thread (0x00007f01f00c1800):  JavaThread "JDWP Transport Listener: dt_socket" daemon [_thread_in_vm, id=21326, stack(0x00007f01dcf5f000,0x00007f01dd060000)]

siginfo: si_signo: 11 (SIGSEGV), si_code: 128 (SI_KERNEL), si_addr: 0x0000000000000000

Registers:
RAX=0x0000000000000001, RBX=0x00007f01f0003cc0, RCX=0x00007f01f9a09340, RDX=0x00007f01f8fcf560
RSP=0x00007f01dd05e9d0, RBP=0x00007f01dd05e9e0, RSI=0x00007f01f00c1800, RDI=0x003b3e3b72656765
R8 =0x00007f01c400c630, R9 =0x0000000000000000, R10=0x73694c7961727241, R11=0x00007f01f9196430
R12=0x0000000000000017, R13=0x003b3e3b72656765, R14=0x00007f01f00c1800, R15=0x00007f01dd05eae7
RIP=0x00007f01f88c5800, EFLAGS=0x0000000000010206, CSGSFS=0x0000000000000033, ERR=0x0000000000000000
  TRAPNO=0x000000000000000d

Top of Stack: (sp=0x00007f01dd05e9d0)
0x00007f01dd05e9d0:   0000000000000074 00007f01f0003cc0
0x00007f01dd05e9e0:   00007f01dd05ea50 00007f01f87562de
0x00007f01dd05e9f0:   00007f01dd05ea10 00007f01dd05ea00
0x00007f01dd05ea00:   00007f01f00c1800 0000000000000000
0x00007f01dd05ea10:   00007f0100000000 0000000000000000
0x00007f01dd05ea20:   00007f01dd05ea40 00007f01f76c9e40
0x00007f01dd05ea30:   003b3e3b72656765 00007f01dd05eae7
0x00007f01dd05ea40:   0000000000000005 00007f01dd05eae7
0x00007f01dd05ea50:   00007f01dd05ea80 00007f01f74b58c2
0x00007f01dd05ea60:   00007f01dd05ea80 003b3e3b72656765
0x00007f01dd05ea70:   00007f01dd05eb50 0000000000000028
0x00007f01dd05ea80:   00007f01dd05eb10 00007f01f7496aa0
0x00007f01dd05ea90:   00007f01dd05eac8 00007f01dd05eac0
0x00007f01dd05eaa0:   00007f01dd05eab8 00007f01dd05eadc
0x00007f01dd05eab0:   00000001c40034a0 0000000000000000
0x00007f01dd05eac0:   0000000000000000 0000000000000000
0x00007f01dd05ead0:   00007f01c4005600 0000000add05eb50
0x00007f01dd05eae0:   0000000000000006 0000000000000002
0x00007f01dd05eaf0:   000000000000000f 0000000000000002
0x00007f01dd05eb00:   00000000000f0200 000000000000000f
0x00007f01dd05eb10:   00007f01dd05ed60 00007f01f74a19c6
0x00007f01dd05eb20:   0000efeb00000013 00007f01f80f0200
0x00007f01dd05eb30:   00007f01bc000c80 0000000000000000
0x00007f01dd05eb40:   00007f01dd05eb50 00007f01dd05ece0
0x00007f01dd05eb50:   00007f01dd05ecb6 00007f0100000016
0x00007f01dd05eb60:   00007f01dd05eb68 0000000000000116
0x00007f01dd05eb70:   00007f01dd05eba0 0000000000000000
0x00007f01dd05eb80:   00007f0000000000 0000efeb0000000f
0x00007f01dd05eb90:   00007f010000ec80 00007f01dd05eba0
0x00007f01dd05eba0:   017f000006000000 07000000b03a00c4
0x00007f01dd05ebb0:   00656d61536c6c61 5a29495b28050000
0x00007f01dd05ebc0:   0a00000000000000 c83a00c4017f0000 

Instructions: (pc=0x00007f01f88c5800)
0x00007f01f88c57e0:   55 48 89 e5 53 48 83 ec 08 48 85 ff 75 12 31 db
0x00007f01f88c57f0:   48 89 d8 48 83 c4 08 5b c9 c3 66 0f 1f 44 00 00
0x00007f01f88c5800:   48 8b 1f 48 85 db 74 e6 48 83 fb 37 74 e0 48 8b
0x00007f01f88c5810:   03 48 89 df ff 50 10 84 c0 0f 1f 80 00 00 00 00 

Register to memory mapping:

RAX=0x0000000000000001 is an unknown value
RBX=0x00007f01f0003cc0 is an unknown value
RCX=0x00007f01f9a09340: <offset 0x219340> in /lib/x86_64-linux-gnu/libpthread.so.0 at 0x00007f01f97f0000
RDX=0x00007f01f8fcf560: <offset 0xfaf560> in /usr/lib/jvm/java-8-oracle/jre/lib/amd64/server/libjvm.so at 0x00007f01f8020000
RSP=0x00007f01dd05e9d0 is pointing into the stack for thread: 0x00007f01f00c1800
RBP=0x00007f01dd05e9e0 is pointing into the stack for thread: 0x00007f01f00c1800
RSI=0x00007f01f00c1800 is a thread
RDI=0x003b3e3b72656765 is an unknown value
R8 =0x00007f01c400c630 is an unknown value
R9 =0x0000000000000000 is an unknown value
R10=0x73694c7961727241 is an unknown value
R11=0x00007f01f9196430: <offset 0x196430> in /lib/x86_64-linux-gnu/libc.so.6 at 0x00007f01f9000000
R12=0x0000000000000017 is an unknown value
R13=0x003b3e3b72656765 is an unknown value
R14=0x00007f01f00c1800 is a thread
R15=0x00007f01dd05eae7 is pointing into the stack for thread: 0x00007f01f00c1800


Stack: [0x00007f01dcf5f000,0x00007f01dd060000],  sp=0x00007f01dd05e9d0,  free space=1022k
Native frames: (J=compiled Java code, j=interpreted, Vv=VM code, C=native code)
V  [libjvm.so+0x8a5800]  Method::checked_resolve_jmethod_id(_jmethodID*)+0x20
V  [libjvm.so+0x7362de]  jvmti_IsMethodSynthetic+0x2be
C  [libjdwp.so+0x258c2]  isMethodSynthetic+0x42
C  [libjdwp.so+0x6aa0]  methods1+0x1b0
C  [libjdwp.so+0x119c6]  debugLoop_run+0x2b6
C  [libjdwp.so+0x247ff]  attachThread+0x2f
V  [libjvm.so+0x7a2a62]  JvmtiAgentThread::call_start_function()+0xc2
V  [libjvm.so+0xa68fff]  JavaThread::thread_main_inner()+0xdf
V  [libjvm.so+0xa6912c]  JavaThread::run()+0x11c
V  [libjvm.so+0x91cc68]  java_start(Thread*)+0x108
C  [libpthread.so.0+0x76aa]  start_thread+0xca


---------------  P R O C E S S  ---------------

Java Threads: ( => current thread )
  0x00007f01f00df800 JavaThread "Service Thread" daemon [_thread_blocked, id=21339, stack(0x00007f01dca5a000,0x00007f01dcb5b000)]
  0x00007f01f00ca000 JavaThread "C1 CompilerThread1" daemon [_thread_blocked, id=21338, stack(0x00007f01dcb5b000,0x00007f01dcc5c000)]
  0x00007f01f00c7000 JavaThread "C2 CompilerThread0" daemon [_thread_blocked, id=21337, stack(0x00007f01dcc5c000,0x00007f01dcd5d000)]
  0x00007f01c4001000 JavaThread "JDWP Command Reader" daemon [_thread_in_native, id=21330, stack(0x00007f01dcd5d000,0x00007f01dce5e000)]
  0x00007f01f00c5000 JavaThread "JDWP Event Helper Thread" daemon [_thread_blocked, id=21328, stack(0x00007f01dce5e000,0x00007f01dcf5f000)]
=>0x00007f01f00c1800 JavaThread "JDWP Transport Listener: dt_socket" daemon [_thread_in_vm, id=21326, stack(0x00007f01dcf5f000,0x00007f01dd060000)]
  0x00007f01f00b5000 JavaThread "Signal Dispatcher" daemon [_thread_blocked, id=21325, stack(0x00007f01dd26a000,0x00007f01dd36b000)]
  0x00007f01f007d800 JavaThread "Finalizer" daemon [_thread_blocked, id=21320, stack(0x00007f01dd36b000,0x00007f01dd46c000)]
  0x00007f01f007b800 JavaThread "Reference Handler" daemon [_thread_blocked, id=21318, stack(0x00007f01dd46c000,0x00007f01dd56d000)]
  0x00007f01f000c800 JavaThread "main" [_thread_blocked, id=21312, stack(0x00007f01f9b2c000,0x00007f01f9c2d000)]

Other Threads:
  0x00007f01f0076800 VMThread [stack: 0x00007f01dd56d000,0x00007f01dd66e000] [id=21317]
  0x00007f01f00e2800 WatcherThread [stack: 0x00007f01dc959000,0x00007f01dca5a000] [id=21340]

VM state:not at safepoint (normal execution)

VM Mutex/Monitor currently owned by a thread: None

Heap:
 PSYoungGen      total 132608K, used 35720K [0x00000000daf80000, 0x00000000e6d00000, 0x0000000100000000)
  eden space 88064K, 35% used [0x00000000daf80000,0x00000000dcdbb218,0x00000000e0580000)
  from space 44544K, 10% used [0x00000000e3180000,0x00000000e3627088,0x00000000e5d00000)
  to   space 45056K, 0% used [0x00000000e0580000,0x00000000e0580000,0x00000000e3180000)
 ParOldGen       total 138240K, used 79523K [0x0000000090e00000, 0x0000000099500000, 0x00000000daf80000)
  object space 138240K, 57% used [0x0000000090e00000,0x0000000095ba8dc8,0x0000000099500000)
 Metaspace       used 3778K, capacity 4702K, committed 4864K, reserved 1056768K
  class space    used 398K, capacity 432K, committed 512K, reserved 1048576K

Card table byte_map: [0x00007f01f59f6000,0x00007f01f5d70000] byte_map_base: 0x00007f01f556f000

Marking Bits: (ParMarkBitMap*) 0x00007f01f8fcf020
 Begin Bits: [0x00007f01dd870000, 0x00007f01df438000)
 End Bits:   [0x00007f01df438000, 0x00007f01e1000000)

Polling page: 0x00007f01f9b2b000

CodeCache: size=245760Kb used=1670Kb max_used=1681Kb free=244089Kb
 bounds [0x00007f01e1000000, 0x00007f01e1270000, 0x00007f01f0000000]
 total_blobs=473 nmethods=230 adapters=166
 compilation: enabled

Compilation events (10 events):
Event: 72.155 Thread 0x00007f01f00c7000  228       4       java.lang.AbstractStringBuilder::append (62 bytes)
Event: 72.214 Thread 0x00007f01f00c7000 nmethod 228 0x00007f01e11a2b90 code [0x00007f01e11a2d20, 0x00007f01e11a3418]
Event: 72.214 Thread 0x00007f01f00c7000  229       4       java.lang.Integer::getChars (131 bytes)
Event: 72.218 Thread 0x00007f01f00c7000 nmethod 229 0x00007f01e11a25d0 code [0x00007f01e11a2740, 0x00007f01e11a2998]
Event: 124.416 Thread 0x00007f01f00c7000  230       4       java.lang.StringBuilder::append (9 bytes)
Event: 124.447 Thread 0x00007f01f00c7000 nmethod 230 0x00007f01e11a4790 code [0x00007f01e11a4920, 0x00007f01e11a5178]
Event: 124.447 Thread 0x00007f01f00c7000  231       4       Dictionary.Document::toString (40 bytes)
Event: 124.456 Thread 0x00007f01f00c7000 nmethod 231 0x00007f01e11a1f10 code [0x00007f01e11a2080, 0x00007f01e11a24f8]
Event: 146.036 Thread 0x00007f01f00c7000  232       4       java.util.ArrayList$Itr::hasNext (20 bytes)
Event: 146.037 Thread 0x00007f01f00c7000 nmethod 232 0x00007f01e117acd0 code [0x00007f01e117ae20, 0x00007f01e117aed8]

GC Heap History (10 events):
Event: 7.578 GC heap before
{Heap before GC invocations=3 (full 0):
 PSYoungGen      total 61952K, used 61936K [0x00000000daf80000, 0x00000000df080000, 0x0000000100000000)
  eden space 57344K, 100% used [0x00000000daf80000,0x00000000de780000,0x00000000de780000)
  from space 4608K, 99% used [0x00000000dec00000,0x00000000df07c030,0x00000000df080000)
  to   space 4608K, 0% used [0x00000000de780000,0x00000000de780000,0x00000000dec00000)
 ParOldGen       total 76800K, used 23393K [0x0000000090e00000, 0x0000000095900000, 0x00000000daf80000)
  object space 76800K, 30% used [0x0000000090e00000,0x00000000924d8708,0x0000000095900000)
 Metaspace       used 3546K, capacity 4600K, committed 4864K, reserved 1056768K
  class space    used 375K, capacity 394K, committed 512K, reserved 1048576K
Event: 7.670 GC heap after
Heap after GC invocations=3 (full 0):
 PSYoungGen      total 61952K, used 4594K [0x00000000daf80000, 0x00000000e2880000, 0x0000000100000000)
  eden space 57344K, 0% used [0x00000000daf80000,0x00000000daf80000,0x00000000de780000)
  from space 4608K, 99% used [0x00000000de780000,0x00000000debfc828,0x00000000dec00000)
  to   space 4608K, 0% used [0x00000000e2400000,0x00000000e2400000,0x00000000e2880000)
 ParOldGen       total 76800K, used 56250K [0x0000000090e00000, 0x0000000095900000, 0x00000000daf80000)
  object space 76800K, 73% used [0x0000000090e00000,0x00000000944eea70,0x0000000095900000)
 Metaspace       used 3546K, capacity 4600K, committed 4864K, reserved 1056768K
  class space    used 375K, capacity 394K, committed 512K, reserved 1048576K
}
Event: 7.670 GC heap before
{Heap before GC invocations=4 (full 1):
 PSYoungGen      total 61952K, used 4594K [0x00000000daf80000, 0x00000000e2880000, 0x0000000100000000)
  eden space 57344K, 0% used [0x00000000daf80000,0x00000000daf80000,0x00000000de780000)
  from space 4608K, 99% used [0x00000000de780000,0x00000000debfc828,0x00000000dec00000)
  to   space 4608K, 0% used [0x00000000e2400000,0x00000000e2400000,0x00000000e2880000)
 ParOldGen       total 76800K, used 56250K [0x0000000090e00000, 0x0000000095900000, 0x00000000daf80000)
  object space 76800K, 73% used [0x0000000090e00000,0x00000000944eea70,0x0000000095900000)
 Metaspace       used 3546K, capacity 4600K, committed 4864K, reserved 1056768K
  class space    used 375K, capacity 394K, committed 512K, reserved 1048576K
Event: 8.163 GC heap after
Heap after GC invocations=4 (full 1):
 PSYoungGen      total 61952K, used 0K [0x00000000daf80000, 0x00000000e2880000, 0x0000000100000000)
  eden space 57344K, 0% used [0x00000000daf80000,0x00000000daf80000,0x00000000de780000)
  from space 4608K, 0% used [0x00000000de780000,0x00000000de780000,0x00000000dec00000)
  to   space 4608K, 0% used [0x00000000e2400000,0x00000000e2400000,0x00000000e2880000)
 ParOldGen       total 138240K, used 53503K [0x0000000090e00000, 0x0000000099500000, 0x00000000daf80000)
  object space 138240K, 38% used [0x0000000090e00000,0x000000009423fe68,0x0000000099500000)
 Metaspace       used 3546K, capacity 4600K, committed 4864K, reserved 1056768K
  class space    used 375K, capacity 394K, committed 512K, reserved 1048576K
}
Event: 46.892 GC heap before
{Heap before GC invocations=5 (full 1):
 PSYoungGen      total 61952K, used 57344K [0x00000000daf80000, 0x00000000e2880000, 0x0000000100000000)
  eden space 57344K, 100% used [0x00000000daf80000,0x00000000de780000,0x00000000de780000)
  from space 4608K, 0% used [0x00000000de780000,0x00000000de780000,0x00000000dec00000)
  to   space 4608K, 0% used [0x00000000e2400000,0x00000000e2400000,0x00000000e2880000)
 ParOldGen       total 138240K, used 53503K [0x0000000090e00000, 0x0000000099500000, 0x00000000daf80000)
  object space 138240K, 38% used [0x0000000090e00000,0x000000009423fe68,0x0000000099500000)
 Metaspace       used 3673K, capacity 4602K, committed 4864K, reserved 1056768K
  class space    used 392K, capacity 396K, committed 512K, reserved 1048576K
Event: 46.936 GC heap after
Heap after GC invocations=5 (full 1):
 PSYoungGen      total 77312K, used 4593K [0x00000000daf80000, 0x00000000e2880000, 0x0000000100000000)
  eden space 72704K, 0% used [0x00000000daf80000,0x00000000daf80000,0x00000000df680000)
  from space 4608K, 99% used [0x00000000e2400000,0x00000000e287c620,0x00000000e2880000)
  to   space 4608K, 0% used [0x00000000e1f80000,0x00000000e1f80000,0x00000000e2400000)
 ParOldGen       total 138240K, used 79461K [0x0000000090e00000, 0x0000000099500000, 0x00000000daf80000)
  object space 138240K, 57% used [0x0000000090e00000,0x0000000095b99448,0x0000000099500000)
 Metaspace       used 3673K, capacity 4602K, committed 4864K, reserved 1056768K
  class space    used 392K, capacity 396K, committed 512K, reserved 1048576K
}
Event: 72.167 GC heap before
{Heap before GC invocations=6 (full 1):
 PSYoungGen      total 77312K, used 77297K [0x00000000daf80000, 0x00000000e2880000, 0x0000000100000000)
  eden space 72704K, 100% used [0x00000000daf80000,0x00000000df680000,0x00000000df680000)
  from space 4608K, 99% used [0x00000000e2400000,0x00000000e287c620,0x00000000e2880000)
  to   space 4608K, 0% used [0x00000000e1f80000,0x00000000e1f80000,0x00000000e2400000)
 ParOldGen       total 138240K, used 79461K [0x0000000090e00000, 0x0000000099500000, 0x00000000daf80000)
  object space 138240K, 57% used [0x0000000090e00000,0x0000000095b99448,0x0000000099500000)
 Metaspace       used 3673K, capacity 4602K, committed 4864K, reserved 1056768K
  class space    used 392K, capacity 396K, committed 512K, reserved 1048576K
Event: 72.205 GC heap after
Heap after GC invocations=6 (full 1):
 PSYoungGen      total 93184K, used 4596K [0x00000000daf80000, 0x00000000e5d00000, 0x0000000100000000)
  eden space 88576K, 0% used [0x00000000daf80000,0x00000000daf80000,0x00000000e0600000)
  from space 4608K, 99% used [0x00000000e1f80000,0x00000000e23fd260,0x00000000e2400000)
  to   space 44544K, 0% used [0x00000000e3180000,0x00000000e3180000,0x00000000e5d00000)
 ParOldGen       total 138240K, used 79523K [0x0000000090e00000, 0x0000000099500000, 0x00000000daf80000)
  object space 138240K, 57% used [0x0000000090e00000,0x0000000095ba8dc8,0x0000000099500000)
 Metaspace       used 3673K, capacity 4602K, committed 4864K, reserved 1056768K
  class space    used 392K, capacity 396K, committed 512K, reserved 1048576K
}
Event: 146.038 GC heap before
{Heap before GC invocations=7 (full 1):
 PSYoungGen      total 93184K, used 93172K [0x00000000daf80000, 0x00000000e5d00000, 0x0000000100000000)
  eden space 88576K, 100% used [0x00000000daf80000,0x00000000e0600000,0x00000000e0600000)
  from space 4608K, 99% used [0x00000000e1f80000,0x00000000e23fd260,0x00000000e2400000)
  to   space 44544K, 0% used [0x00000000e3180000,0x00000000e3180000,0x00000000e5d00000)
 ParOldGen       total 138240K, used 79523K [0x0000000090e00000, 0x0000000099500000, 0x00000000daf80000)
  object space 138240K, 57% used [0x0000000090e00000,0x0000000095ba8dc8,0x0000000099500000)
 Metaspace       used 3673K, capacity 4602K, committed 4864K, reserved 1056768K
  class space    used 392K, capacity 396K, committed 512K, reserved 1048576K
Event: 146.061 GC heap after
Heap after GC invocations=7 (full 1):
 PSYoungGen      total 132608K, used 4764K [0x00000000daf80000, 0x00000000e6d00000, 0x0000000100000000)
  eden space 88064K, 0% used [0x00000000daf80000,0x00000000daf80000,0x00000000e0580000)
  from space 44544K, 10% used [0x00000000e3180000,0x00000000e3627088,0x00000000e5d00000)
  to   space 45056K, 0% used [0x00000000e0580000,0x00000000e0580000,0x00000000e3180000)
 ParOldGen       total 138240K, used 79523K [0x0000000090e00000, 0x0000000099500000, 0x00000000daf80000)
  object space 138240K, 57% used [0x0000000090e00000,0x0000000095ba8dc8,0x0000000099500000)
 Metaspace       used 3673K, capacity 4602K, committed 4864K, reserved 1056768K
  class space    used 392K, capacity 396K, committed 512K, reserved 1048576K
}

Deoptimization events (1 events):
Event: 8.822 Thread 0x00007f01f000c800 Uncommon trap: reason=unstable_if action=reinterpret pc=0x00007f01e117302c method=java.io.ObjectInputStream$HandleTable.markDependency(II)V @ 2

Internal exceptions (5 events):
Event: 0.055 Thread 0x00007f01f000c800 Exception <a 'java/lang/NoSuchMethodError': Method sun.misc.Unsafe.defineClass(Ljava/lang/String;[BII)Ljava/lang/Class; name or signature does not match> (0x00000000daf92b98) thrown at [/HUDSON/workspace/8-2-build-linux-amd64/jdk8u66/4988/hotspot/src/shar
Event: 0.055 Thread 0x00007f01f000c800 Exception <a 'java/lang/NoSuchMethodError': Method sun.misc.Unsafe.prefetchRead(Ljava/lang/Object;J)V name or signature does not match> (0x00000000daf92e80) thrown at [/HUDSON/workspace/8-2-build-linux-amd64/jdk8u66/4988/hotspot/src/share/vm/prims/jni.cpp
Event: 0.489 Thread 0x00007f01f000c800 Exception <a 'java/lang/NoSuchMethodError': <clinit>> (0x00000000db1cca30) thrown at [/HUDSON/workspace/8-2-build-linux-amd64/jdk8u66/4988/hotspot/src/share/vm/prims/jni.cpp, line 1591]
Event: 0.650 Thread 0x00007f01f000c800 Exception <a 'java/lang/NoSuchMethodError': <clinit>> (0x00000000db21d170) thrown at [/HUDSON/workspace/8-2-build-linux-amd64/jdk8u66/4988/hotspot/src/share/vm/prims/jni.cpp, line 1591]
Event: 0.677 Thread 0x00007f01f000c800 Exception <a 'java/lang/NoSuchMethodError': <clinit>> (0x00000000db230d00) thrown at [/HUDSON/workspace/8-2-build-linux-amd64/jdk8u66/4988/hotspot/src/share/vm/prims/jni.cpp, line 1591]

Events (10 events):
Event: 1452.617 Executing VM operation: RedefineClasses
Event: 1452.619 Executing VM operation: RedefineClasses done
Event: 1452.659 Executing VM operation: ChangeBreakpoints
Event: 1452.659 Executing VM operation: ChangeBreakpoints done
Event: 2165.587 Executing VM operation: ChangeBreakpoints
Event: 2165.587 Executing VM operation: ChangeBreakpoints done
Event: 2165.589 Executing VM operation: RedefineClasses
Event: 2165.591 Executing VM operation: RedefineClasses done
Event: 2765.551 Executing VM operation: RedefineClasses
Event: 2765.553 Executing VM operation: RedefineClasses done


Dynamic libraries:
00400000-00401000 r-xp 00000000 fc:00 10357909                           /usr/lib/jvm/java-8-oracle/bin/java
00600000-00601000 rw-p 00000000 fc:00 10357909                           /usr/lib/jvm/java-8-oracle/bin/java
01377000-01398000 rw-p 00000000 00:00 0                                  [heap]
90e00000-99500000 rw-p 00000000 00:00 0 
99500000-daf80000 ---p 00000000 00:00 0 
daf80000-e6d00000 rw-p 00000000 00:00 0 
e6d00000-100000000 ---p 00000000 00:00 0 
100000000-100080000 rw-p 00000000 00:00 0 
100080000-140000000 ---p 00000000 00:00 0 
7f01a8000000-7f01a8021000 rw-p 00000000 00:00 0 
7f01a8021000-7f01ac000000 ---p 00000000 00:00 0 
7f01ac000000-7f01ac021000 rw-p 00000000 00:00 0 
7f01ac021000-7f01b0000000 ---p 00000000 00:00 0 
7f01b0000000-7f01b01b6000 rw-p 00000000 00:00 0 
7f01b01b6000-7f01b4000000 ---p 00000000 00:00 0 
7f01b4000000-7f01b43cb000 rw-p 00000000 00:00 0 
7f01b43cb000-7f01b8000000 ---p 00000000 00:00 0 
7f01b8000000-7f01b8027000 rw-p 00000000 00:00 0 
7f01b8027000-7f01bc000000 ---p 00000000 00:00 0 
7f01bc000000-7f01bc021000 rw-p 00000000 00:00 0 
7f01bc021000-7f01c0000000 ---p 00000000 00:00 0 
7f01c0000000-7f01c0021000 rw-p 00000000 00:00 0 
7f01c0021000-7f01c4000000 ---p 00000000 00:00 0 
7f01c4000000-7f01c402d000 rw-p 00000000 00:00 0 
7f01c402d000-7f01c8000000 ---p 00000000 00:00 0 
7f01c8000000-7f01c8021000 rw-p 00000000 00:00 0 
7f01c8021000-7f01cc000000 ---p 00000000 00:00 0 
7f01cc000000-7f01cc021000 rw-p 00000000 00:00 0 
7f01cc021000-7f01d0000000 ---p 00000000 00:00 0 
7f01d0000000-7f01d0021000 rw-p 00000000 00:00 0 
7f01d0021000-7f01d4000000 ---p 00000000 00:00 0 
7f01d4000000-7f01d4021000 rw-p 00000000 00:00 0 
7f01d4021000-7f01d8000000 ---p 00000000 00:00 0 
7f01d8000000-7f01d8047000 rw-p 00000000 00:00 0 
7f01d8047000-7f01dc000000 ---p 00000000 00:00 0 
7f01dc6b1000-7f01dc936000 rw-p 00000000 00:00 0 
7f01dc936000-7f01dc93b000 r--s 00096000 fc:00 10361680                   /usr/lib/jvm/java-8-oracle/jre/lib/jsse.jar
7f01dc93b000-7f01dc945000 r--s 0006b000 fc:00 10361611                   /usr/lib/jvm/java-8-oracle/jre/lib/javaws.jar
7f01dc945000-7f01dc958000 r--s 000d5000 fc:00 10361626                   /usr/lib/jvm/java-8-oracle/jre/lib/plugin.jar
7f01dc958000-7f01dc959000 r--s 00000000 fc:00 10361608                   /usr/lib/jvm/java-8-oracle/jre/lib/management-agent.jar
7f01dc959000-7f01dc95a000 ---p 00000000 00:00 0 
7f01dc95a000-7f01dca5a000 rw-p 00000000 00:00 0                          [stack:21340]
7f01dca5a000-7f01dca5d000 ---p 00000000 00:00 0 
7f01dca5d000-7f01dcb5b000 rw-p 00000000 00:00 0                          [stack:21339]
7f01dcb5b000-7f01dcb5e000 ---p 00000000 00:00 0 
7f01dcb5e000-7f01dcc5c000 rw-p 00000000 00:00 0                          [stack:21338]
7f01dcc5c000-7f01dcc5f000 ---p 00000000 00:00 0 
7f01dcc5f000-7f01dcd5d000 rw-p 00000000 00:00 0                          [stack:21337]
7f01dcd5d000-7f01dcd60000 ---p 00000000 00:00 0 
7f01dcd60000-7f01dce5e000 rw-p 00000000 00:00 0                          [stack:21330]
7f01dce5e000-7f01dce61000 ---p 00000000 00:00 0 
7f01dce61000-7f01dcf5f000 rw-p 00000000 00:00 0                          [stack:21328]
7f01dcf5f000-7f01dcf62000 ---p 00000000 00:00 0 
7f01dcf62000-7f01dd060000 rw-p 00000000 00:00 0                          [stack:21326]
7f01dd060000-7f01dd064000 r-xp 00000000 fc:00 10361702                   /usr/lib/jvm/java-8-oracle/jre/lib/amd64/libdt_socket.so
7f01dd064000-7f01dd263000 ---p 00004000 fc:00 10361702                   /usr/lib/jvm/java-8-oracle/jre/lib/amd64/libdt_socket.so
7f01dd263000-7f01dd264000 rw-p 00003000 fc:00 10361702                   /usr/lib/jvm/java-8-oracle/jre/lib/amd64/libdt_socket.so
7f01dd26a000-7f01dd26d000 ---p 00000000 00:00 0 
7f01dd26d000-7f01dd36b000 rw-p 00000000 00:00 0                          [stack:21325]
7f01dd36b000-7f01dd36e000 ---p 00000000 00:00 0 
7f01dd36e000-7f01dd46c000 rw-p 00000000 00:00 0                          [stack:21320]
7f01dd46c000-7f01dd46f000 ---p 00000000 00:00 0 
7f01dd46f000-7f01dd56d000 rw-p 00000000 00:00 0                          [stack:21318]
7f01dd56d000-7f01dd56e000 ---p 00000000 00:00 0 
7f01dd56e000-7f01e1000000 rw-p 00000000 00:00 0                          [stack:21317]
7f01e1000000-7f01e1270000 rwxp 00000000 00:00 0 
7f01e1270000-7f01f0000000 ---p 00000000 00:00 0 
7f01f0000000-7f01f015d000 rw-p 00000000 00:00 0 
7f01f015d000-7f01f4000000 ---p 00000000 00:00 0 
7f01f4007000-7f01f4009000 r--s 00007000 fc:00 10361748                   /usr/lib/jvm/java-8-oracle/jre/lib/jfxswt.jar
7f01f400e000-7f01f4029000 r--s 001fe000 fc:00 10361602                   /usr/lib/jvm/java-8-oracle/jre/lib/deploy.jar
7f01f402a000-7f01f402d000 r--s 0001a000 fc:00 10361746                   /usr/lib/jvm/java-8-oracle/jre/lib/jce.jar
7f01f4033000-7f01f4038000 r--s 00083000 fc:00 10361601                   /usr/lib/jvm/java-8-oracle/jre/lib/jfr.jar
7f01f403e000-7f01f4043000 r--s 00096000 fc:00 10361680                   /usr/lib/jvm/java-8-oracle/jre/lib/jsse.jar
7f01f4045000-7f01f4057000 r--s 00345000 fc:00 10361679                   /usr/lib/jvm/java-8-oracle/jre/lib/resources.jar
7f01f4058000-7f01f405e000 r--s 002f8000 fc:00 10361673                   /usr/lib/jvm/java-8-oracle/jre/lib/charsets.jar
7f01f4061000-7f01f47d8000 rw-p 00000000 00:00 0 
7f01f47d8000-7f01f49b1000 r--s 03d20000 fc:00 10361675                   /usr/lib/jvm/java-8-oracle/jre/lib/rt.jar
7f01f49b4000-7f01f4e6a000 rw-p 00000000 00:00 0 
7f01f4e6a000-7f01f522a000 ---p 00000000 00:00 0 
7f01f522a000-7f01f55a3000 rw-p 00000000 00:00 0 
7f01f55a3000-7f01f55a4000 ---p 00000000 00:00 0 
7f01f55a4000-7f01f56a4000 rw-p 00000000 00:00 0                          [stack:21315]
7f01f56a4000-7f01f56a5000 ---p 00000000 00:00 0 
7f01f56a5000-7f01f57e9000 rw-p 00000000 00:00 0                          [stack:21314]
7f01f57e9000-7f01f59f6000 ---p 00000000 00:00 0 
7f01f59f6000-7f01f5a3a000 rw-p 00000000 00:00 0 
7f01f5a3a000-7f01f5c46000 ---p 00000000 00:00 0 
7f01f5c46000-7f01f5ca6000 rw-p 00000000 00:00 0 
7f01f5ca6000-7f01f5d6f000 ---p 00000000 00:00 0 
7f01f5d6f000-7f01f5d7a000 rw-p 00000000 00:00 0 
7f01f5d7a000-7f01f6130000 ---p 00000000 00:00 0 
7f01f6130000-7f01f614a000 r-xp 00000000 fc:00 10361726                   /usr/lib/jvm/java-8-oracle/jre/lib/amd64/libzip.so
7f01f614a000-7f01f634a000 ---p 0001a000 fc:00 10361726                   /usr/lib/jvm/java-8-oracle/jre/lib/amd64/libzip.so
7f01f634a000-7f01f634b000 rw-p 0001a000 fc:00 10361726                   /usr/lib/jvm/java-8-oracle/jre/lib/amd64/libzip.so
7f01f6350000-7f01f635c000 r-xp 00000000 fc:00 659712                     /lib/x86_64-linux-gnu/libnss_files-2.21.so
7f01f635c000-7f01f655b000 ---p 0000c000 fc:00 659712                     /lib/x86_64-linux-gnu/libnss_files-2.21.so
7f01f655b000-7f01f655c000 r--p 0000b000 fc:00 659712                     /lib/x86_64-linux-gnu/libnss_files-2.21.so
7f01f655c000-7f01f655d000 rw-p 0000c000 fc:00 659712                     /lib/x86_64-linux-gnu/libnss_files-2.21.so
7f01f6560000-7f01f656b000 r-xp 00000000 fc:00 659722                     /lib/x86_64-linux-gnu/libnss_nis-2.21.so
7f01f656b000-7f01f676a000 ---p 0000b000 fc:00 659722                     /lib/x86_64-linux-gnu/libnss_nis-2.21.so
7f01f676a000-7f01f676b000 r--p 0000a000 fc:00 659722                     /lib/x86_64-linux-gnu/libnss_nis-2.21.so
7f01f676b000-7f01f676c000 rw-p 0000b000 fc:00 659722                     /lib/x86_64-linux-gnu/libnss_nis-2.21.so
7f01f6770000-7f01f6787000 r-xp 00000000 fc:00 659706                     /lib/x86_64-linux-gnu/libnsl-2.21.so
7f01f6787000-7f01f6986000 ---p 00017000 fc:00 659706                     /lib/x86_64-linux-gnu/libnsl-2.21.so
7f01f6986000-7f01f6987000 r--p 00016000 fc:00 659706                     /lib/x86_64-linux-gnu/libnsl-2.21.so
7f01f6987000-7f01f6988000 rw-p 00017000 fc:00 659706                     /lib/x86_64-linux-gnu/libnsl-2.21.so
7f01f6988000-7f01f698a000 rw-p 00000000 00:00 0 
7f01f6990000-7f01f6998000 r-xp 00000000 fc:00 659708                     /lib/x86_64-linux-gnu/libnss_compat-2.21.so
7f01f6998000-7f01f6b97000 ---p 00008000 fc:00 659708                     /lib/x86_64-linux-gnu/libnss_compat-2.21.so
7f01f6b97000-7f01f6b98000 r--p 00007000 fc:00 659708                     /lib/x86_64-linux-gnu/libnss_compat-2.21.so
7f01f6b98000-7f01f6b99000 rw-p 00008000 fc:00 659708                     /lib/x86_64-linux-gnu/libnss_compat-2.21.so
7f01f6ba0000-7f01f7282000 r--p 00000000 fc:00 10099822                   /usr/lib/locale/locale-archive
7f01f7288000-7f01f728a000 r-xp 00000000 fc:00 10361703                   /usr/lib/jvm/java-8-oracle/jre/lib/amd64/libnpt.so
7f01f728a000-7f01f748a000 ---p 00002000 fc:00 10361703                   /usr/lib/jvm/java-8-oracle/jre/lib/amd64/libnpt.so
7f01f748a000-7f01f748b000 rw-p 00002000 fc:00 10361703                   /usr/lib/jvm/java-8-oracle/jre/lib/amd64/libnpt.so
7f01f7490000-7f01f74c9000 r-xp 00000000 fc:00 10361715                   /usr/lib/jvm/java-8-oracle/jre/lib/amd64/libjdwp.so
7f01f74c9000-7f01f76c8000 ---p 00039000 fc:00 10361715                   /usr/lib/jvm/java-8-oracle/jre/lib/amd64/libjdwp.so
7f01f76c8000-7f01f76ca000 rw-p 00038000 fc:00 10361715                   /usr/lib/jvm/java-8-oracle/jre/lib/amd64/libjdwp.so
7f01f76d0000-7f01f76fa000 r-xp 00000000 fc:00 10361721                   /usr/lib/jvm/java-8-oracle/jre/lib/amd64/libjava.so
7f01f76fa000-7f01f78fa000 ---p 0002a000 fc:00 10361721                   /usr/lib/jvm/java-8-oracle/jre/lib/amd64/libjava.so
7f01f78fa000-7f01f78fc000 rw-p 0002a000 fc:00 10361721                   /usr/lib/jvm/java-8-oracle/jre/lib/amd64/libjava.so
7f01f7900000-7f01f790d000 r-xp 00000000 fc:00 10361725                   /usr/lib/jvm/java-8-oracle/jre/lib/amd64/libverify.so
7f01f790d000-7f01f7b0d000 ---p 0000d000 fc:00 10361725                   /usr/lib/jvm/java-8-oracle/jre/lib/amd64/libverify.so
7f01f7b0d000-7f01f7b0f000 rw-p 0000d000 fc:00 10361725                   /usr/lib/jvm/java-8-oracle/jre/lib/amd64/libverify.so
7f01f7b10000-7f01f7b17000 r-xp 00000000 fc:00 659767                     /lib/x86_64-linux-gnu/librt-2.21.so
7f01f7b17000-7f01f7d16000 ---p 00007000 fc:00 659767                     /lib/x86_64-linux-gnu/librt-2.21.so
7f01f7d16000-7f01f7d17000 r--p 00006000 fc:00 659767                     /lib/x86_64-linux-gnu/librt-2.21.so
7f01f7d17000-7f01f7d18000 rw-p 00007000 fc:00 659767                     /lib/x86_64-linux-gnu/librt-2.21.so
7f01f7d18000-7f01f7e1f000 r-xp 00000000 fc:00 659685                     /lib/x86_64-linux-gnu/libm-2.21.so
7f01f7e1f000-7f01f801e000 ---p 00107000 fc:00 659685                     /lib/x86_64-linux-gnu/libm-2.21.so
7f01f801e000-7f01f801f000 r--p 00106000 fc:00 659685                     /lib/x86_64-linux-gnu/libm-2.21.so
7f01f801f000-7f01f8020000 rw-p 00107000 fc:00 659685                     /lib/x86_64-linux-gnu/libm-2.21.so
7f01f8020000-7f01f8cde000 r-xp 00000000 fc:00 10490153                   /usr/lib/jvm/java-8-oracle/jre/lib/amd64/server/libjvm.so
7f01f8cde000-7f01f8edd000 ---p 00cbe000 fc:00 10490153                   /usr/lib/jvm/java-8-oracle/jre/lib/amd64/server/libjvm.so
7f01f8edd000-7f01f8fb6000 rw-p 00cbd000 fc:00 10490153                   /usr/lib/jvm/java-8-oracle/jre/lib/amd64/server/libjvm.so
7f01f8fb6000-7f01f8ffa000 rw-p 00000000 00:00 0 
7f01f9000000-7f01f91c0000 r-xp 00000000 fc:00 659626                     /lib/x86_64-linux-gnu/libc-2.21.so
7f01f91c0000-7f01f93c0000 ---p 001c0000 fc:00 659626                     /lib/x86_64-linux-gnu/libc-2.21.so
7f01f93c0000-7f01f93c4000 r--p 001c0000 fc:00 659626                     /lib/x86_64-linux-gnu/libc-2.21.so
7f01f93c4000-7f01f93c6000 rw-p 001c4000 fc:00 659626                     /lib/x86_64-linux-gnu/libc-2.21.so
7f01f93c6000-7f01f93ca000 rw-p 00000000 00:00 0 
7f01f93d0000-7f01f93d3000 r-xp 00000000 fc:00 659643                     /lib/x86_64-linux-gnu/libdl-2.21.so
7f01f93d3000-7f01f95d2000 ---p 00003000 fc:00 659643                     /lib/x86_64-linux-gnu/libdl-2.21.so
7f01f95d2000-7f01f95d3000 r--p 00002000 fc:00 659643                     /lib/x86_64-linux-gnu/libdl-2.21.so
7f01f95d3000-7f01f95d4000 rw-p 00003000 fc:00 659643                     /lib/x86_64-linux-gnu/libdl-2.21.so
7f01f95d8000-7f01f95ed000 r-xp 00000000 fc:00 10361222                   /usr/lib/jvm/java-8-oracle/lib/amd64/jli/libjli.so
7f01f95ed000-7f01f97ed000 ---p 00015000 fc:00 10361222                   /usr/lib/jvm/java-8-oracle/lib/amd64/jli/libjli.so
7f01f97ed000-7f01f97ee000 rw-p 00015000 fc:00 10361222                   /usr/lib/jvm/java-8-oracle/lib/amd64/jli/libjli.so
7f01f97f0000-7f01f9808000 r-xp 00000000 fc:00 659759                     /lib/x86_64-linux-gnu/libpthread-2.21.so
7f01f9808000-7f01f9a08000 ---p 00018000 fc:00 659759                     /lib/x86_64-linux-gnu/libpthread-2.21.so
7f01f9a08000-7f01f9a09000 r--p 00018000 fc:00 659759                     /lib/x86_64-linux-gnu/libpthread-2.21.so
7f01f9a09000-7f01f9a0a000 rw-p 00019000 fc:00 659759                     /lib/x86_64-linux-gnu/libpthread-2.21.so
7f01f9a0a000-7f01f9a0e000 rw-p 00000000 00:00 0 
7f01f9a10000-7f01f9a34000 r-xp 00000000 fc:00 659598                     /lib/x86_64-linux-gnu/ld-2.21.so
7f01f9a37000-7f01f9b20000 rw-p 00000000 00:00 0 
7f01f9b20000-7f01f9b28000 rw-s 00000000 fc:00 12191117                   /tmp/hsperfdata_matthew/21311
7f01f9b28000-7f01f9b2b000 rw-p 00000000 00:00 0 
7f01f9b2b000-7f01f9b2c000 r--p 00000000 00:00 0 
7f01f9b2c000-7f01f9b2f000 ---p 00000000 00:00 0 
7f01f9b2f000-7f01f9c33000 rw-p 00000000 00:00 0                          [stack:21312]
7f01f9c33000-7f01f9c34000 r--p 00023000 fc:00 659598                     /lib/x86_64-linux-gnu/ld-2.21.so
7f01f9c34000-7f01f9c35000 rw-p 00024000 fc:00 659598                     /lib/x86_64-linux-gnu/ld-2.21.so
7f01f9c35000-7f01f9c36000 rw-p 00000000 00:00 0 
7ffffd7b6000-7ffffd7d7000 rw-p 00000000 00:00 0                          [stack]
7ffffd800000-7ffffd802000 r--p 00000000 00:00 0                          [vvar]
7ffffd802000-7ffffd804000 r-xp 00000000 00:00 0                          [vdso]
ffffffffff600000-ffffffffff601000 r-xp 00000000 00:00 0                  [vsyscall]

VM Arguments:
jvm_args: -agentlib:jdwp=transport=dt_socket,address=127.0.0.1:38445,suspend=y,server=n -Dfile.encoding=UTF-8 
java_command: Dictionary.DictionaryTester
java_class_path (initial): /usr/lib/jvm/java-8-oracle/jre/lib/charsets.jar:/usr/lib/jvm/java-8-oracle/jre/lib/resources.jar:/usr/lib/jvm/java-8-oracle/jre/lib/jsse.jar:/usr/lib/jvm/java-8-oracle/jre/lib/jfr.jar:/usr/lib/jvm/java-8-oracle/jre/lib/jce.jar:/usr/lib/jvm/java-8-oracle/jre/lib/deploy.jar:/usr/lib/jvm/java-8-oracle/jre/lib/rt.jar:/usr/lib/jvm/java-8-oracle/jre/lib/jfxswt.jar:/usr/lib/jvm/java-8-oracle/jre/lib/management-agent.jar:/usr/lib/jvm/java-8-oracle/jre/lib/plugin.jar:/usr/lib/jvm/java-8-oracle/jre/lib/javaws.jar:/usr/lib/jvm/java-8-oracle/jre/lib/ext/jfxrt.jar:/usr/lib/jvm/java-8-oracle/jre/lib/ext/dnsns.jar:/usr/lib/jvm/java-8-oracle/jre/lib/ext/cldrdata.jar:/usr/lib/jvm/java-8-oracle/jre/lib/ext/sunjce_provider.jar:/usr/lib/jvm/java-8-oracle/jre/lib/ext/sunpkcs11.jar:/usr/lib/jvm/java-8-oracle/jre/lib/ext/localedata.jar:/usr/lib/jvm/java-8-oracle/jre/lib/ext/zipfs.jar:/usr/lib/jvm/java-8-oracle/jre/lib/ext/sunec.jar:/usr/lib/jvm/java-8-oracle/jre/lib/ext/nashorn.jar:/home/matthew/SearchEngine/out/production/SearchEngine:/home/matthew/Programs/idea-IU-141.1532.4/lib/idea_rt.jar
Launcher Type: SUN_STANDARD

Environment Variables:
PATH=/usr/local/sbin:/usr/local/bin:/usr/sbin:/usr/bin:/sbin:/bin:/usr/games:/usr/local/games
SHELL=/bin/bash
DISPLAY=:0

Signal Handlers:
SIGSEGV: [libjvm.so+0xaba2a0], sa_mask[0]=11111111011111111101111111111110, sa_flags=SA_RESTART|SA_SIGINFO
SIGBUS: [libjvm.so+0xaba2a0], sa_mask[0]=11111111011111111101111111111110, sa_flags=SA_RESTART|SA_SIGINFO
SIGFPE: [libjvm.so+0x917710], sa_mask[0]=11111111011111111101111111111110, sa_flags=SA_RESTART|SA_SIGINFO
SIGPIPE: [libjvm.so+0x917710], sa_mask[0]=11111111011111111101111111111110, sa_flags=SA_RESTART|SA_SIGINFO
SIGXFSZ: [libjvm.so+0x917710], sa_mask[0]=11111111011111111101111111111110, sa_flags=SA_RESTART|SA_SIGINFO
SIGILL: [libjvm.so+0x917710], sa_mask[0]=11111111011111111101111111111110, sa_flags=SA_RESTART|SA_SIGINFO
SIGUSR1: SIG_DFL, sa_mask[0]=00000000000000000000000000000000, sa_flags=none
SIGUSR2: [libjvm.so+0x918d40], sa_mask[0]=00100000000000000000000000000000, sa_flags=SA_RESTART|SA_SIGINFO
SIGHUP: [libjvm.so+0x91a140], sa_mask[0]=11111111011111111101111111111110, sa_flags=SA_RESTART|SA_SIGINFO
SIGINT: [libjvm.so+0x91a140], sa_mask[0]=11111111011111111101111111111110, sa_flags=SA_RESTART|SA_SIGINFO
SIGTERM: [libjvm.so+0x91a140], sa_mask[0]=11111111011111111101111111111110, sa_flags=SA_RESTART|SA_SIGINFO
SIGQUIT: [libjvm.so+0x91a140], sa_mask[0]=11111111011111111101111111111110, sa_flags=SA_RESTART|SA_SIGINFO


---------------  S Y S T E M  ---------------

OS:DISTRIB_ID=Ubuntu
DISTRIB_RELEASE=15.04
DISTRIB_CODENAME=vivid
DISTRIB_DESCRIPTION="Ubuntu 15.04"

uname:Linux 3.19.0-33-generic #38-Ubuntu SMP Fri Nov 6 18:18:12 UTC 2015 x86_64
libc:glibc 2.21 NPTL 2.21 
rlimit: STACK 8192k, CORE 0k, NPROC 28152, NOFILE 65536, AS infinity
load average:0.09 0.40 0.47

/proc/meminfo:
MemTotal:        7277388 kB
MemFree:         1464856 kB
MemAvailable:    3591680 kB
Buffers:          205944 kB
Cached:          2156784 kB
SwapCached:          620 kB
Active:          3185772 kB
Inactive:        2337892 kB
Active(anon):    2254316 kB
Inactive(anon):  1034864 kB
Active(file):     931456 kB
Inactive(file):  1303028 kB
Unevictable:          96 kB
Mlocked:              96 kB
SwapTotal:       7544828 kB
SwapFree:        7541116 kB
Dirty:              7392 kB
Writeback:             0 kB
AnonPages:       3160416 kB
Mapped:           368248 kB
Shmem:            128272 kB
Slab:             166844 kB
SReclaimable:     122568 kB
SUnreclaim:        44276 kB
KernelStack:       11184 kB
PageTables:        46468 kB
NFS_Unstable:          0 kB
Bounce:                0 kB
WritebackTmp:          0 kB
CommitLimit:    11183520 kB
Committed_AS:    8946996 kB
VmallocTotal:   34359738367 kB
VmallocUsed:      101616 kB
VmallocChunk:   34359633484 kB
HardwareCorrupted:     0 kB
AnonHugePages:   2064384 kB
CmaTotal:              0 kB
CmaFree:               0 kB
HugePages_Total:       0
HugePages_Free:        0
HugePages_Rsvd:        0
HugePages_Surp:        0
Hugepagesize:       2048 kB
DirectMap4k:     1204988 kB
DirectMap2M:     6338560 kB
DirectMap1G:     1048576 kB


CPU:total 2 (2 cores per cpu, 1 threads per core) family 21 model 19 stepping 1, cmov, cx8, fxsr, mmx, sse, sse2, sse3, ssse3, sse4.1, sse4.2, popcnt, avx, aes, clmul, mmxext, 3dnowpref, lzcnt, sse4a, tsc, tscinvbit, tscinv, bmi1

/proc/cpuinfo:
processor	: 0
vendor_id	: AuthenticAMD
cpu family	: 21
model		: 19
model name	: AMD A6-5350M APU with Radeon(tm) HD Graphics
stepping	: 1
microcode	: 0x6001119
cpu MHz		: 2900.000
cache size	: 1024 KB
physical id	: 0
siblings	: 2
core id		: 0
cpu cores	: 1
apicid		: 16
initial apicid	: 0
fpu		: yes
fpu_exception	: yes
cpuid level	: 13
wp		: yes
flags		: fpu vme de pse tsc msr pae mce cx8 apic sep mtrr pge mca cmov pat pse36 clflush mmx fxsr sse sse2 ht syscall nx mmxext fxsr_opt pdpe1gb rdtscp lm constant_tsc rep_good nopl nonstop_tsc extd_apicid aperfmperf pni pclmulqdq monitor ssse3 fma cx16 sse4_1 sse4_2 popcnt aes xsave avx f16c lahf_lm cmp_legacy svm extapic cr8_legacy abm sse4a misalignsse 3dnowprefetch osvw ibs xop skinit wdt lwp fma4 tce nodeid_msr tbm topoext perfctr_core perfctr_nb arat cpb hw_pstate npt lbrv svm_lock nrip_save tsc_scale vmcb_clean flushbyasid decodeassists pausefilter pfthreshold vmmcall bmi1
bugs		: fxsave_leak
bogomips	: 5789.26
TLB size	: 1536 4K pages
clflush size	: 64
cache_alignment	: 64
address sizes	: 48 bits physical, 48 bits virtual
power management: ts ttp tm 100mhzsteps hwpstate cpb eff_freq_ro

processor	: 1
vendor_id	: AuthenticAMD
cpu family	: 21
model		: 19
model name	: AMD A6-5350M APU with Radeon(tm) HD Graphics   
stepping	: 1
microcode	: 0x6001119
cpu MHz		: 2900.000
cache size	: 1024 KB
physical id	: 0
siblings	: 2
core id		: 1
cpu cores	: 1
apicid		: 17
initial apicid	: 1
fpu		: yes
fpu_exception	: yes
cpuid level	: 13
wp		: yes
flags		: fpu vme de pse tsc msr pae mce cx8 apic sep mtrr pge mca cmov pat pse36 clflush mmx fxsr sse sse2 ht syscall nx mmxext fxsr_opt pdpe1gb rdtscp lm constant_tsc rep_good nopl nonstop_tsc extd_apicid aperfmperf pni pclmulqdq monitor ssse3 fma cx16 sse4_1 sse4_2 popcnt aes xsave avx f16c lahf_lm cmp_legacy svm extapic cr8_legacy abm sse4a misalignsse 3dnowprefetch osvw ibs xop skinit wdt lwp fma4 tce nodeid_msr tbm topoext perfctr_core perfctr_nb arat cpb hw_pstate npt lbrv svm_lock nrip_save tsc_scale vmcb_clean flushbyasid decodeassists pausefilter pfthreshold vmmcall bmi1
bugs		: fxsave_leak
bogomips	: 5789.26
TLB size	: 1536 4K pages
clflush size	: 64
cache_alignment	: 64
address sizes	: 48 bits physical, 48 bits virtual
power management: ts ttp tm 100mhzsteps hwpstate cpb eff_freq_ro



Memory: 4k page, physical 7277388k(1464856k free), swap 7544828k(7541116k free)

vm_info: Java HotSpot(TM) 64-Bit Server VM (25.66-b17) for linux-amd64 JRE (1.8.0_66-b17), built on Oct  6 2015 17:28:34 by "java_re" with gcc 4.3.0 20080428 (Red Hat 4.3.0-8)

time: Sat Nov 14 02:43:25 2015
elapsed time: 2765 seconds (0d 0h 46m 5s)

